<?xml version="1.0" encoding="UTF-8"?>
<!-- Generated by org.testng.reporters.JUnitReportReporter -->
<testsuite skipped="0" hostname="Karthik-Laptop" name="testCases.LoginTest" tests="1" failures="0" timestamp="26 Sep 2024 08:29:50 GMT" time="4.710" errors="0">
  <testcase name="loginTest" time="4.710" classname="testCases.LoginTest"/>
</testsuite> <!-- testCases.LoginTest -->
